<?xml version="1.0" encoding="UTF-8"?>
<testsuite name="MealTests" tests="1" skipped="0" failures="0" errors="0" timestamp="2023-09-17T11:33:18" hostname="DESKTOP-4HIDBVO" time="0.002">
  <properties/>
  <testcase name="testSolution" classname="MealTests" time="0.002"/>
  <system-out><![CDATA[]]></system-out>
  <system-err><![CDATA[]]></system-err>
</testsuite>
